INFO    -  Building documentation...
INFO    -  MERMAID2  - Initialization arguments: {}
INFO    -  MERMAID2  - Using javascript library (10.4.0):
              https://unpkg.com/mermaid@10.4.0/dist/mermaid.esm.min.mjs
INFO    -  Cleaning site directory
INFO    -  The following pages exist in the docs directory, but are not included
           in the "nav" configuration:
             - implementations/ironpython.md
             - versions/py39.md
[33mWARNING -  [0mDoc file 'index.md' contains a link '../CONTRIBUTING.md', but the
           target is not found among documentation files.
[33mWARNING -  [0mDoc file 'builtins/abs.md' contains a link '../stdlib/math.md', but
           the target 'stdlib/math.md' is not found among documentation files.
[33mWARNING -  [0mDoc file 'builtins/bytes_func.md' contains a link
           'builtins/index.md', but the target 'builtins/builtins/index.md' is
           not found among documentation files.
[33mWARNING -  [0mDoc file 'builtins/callable.md' contains a link 'builtins/index.md',
           but the target 'builtins/builtins/index.md' is not found among
           documentation files.
[33mWARNING -  [0mDoc file 'builtins/callable.md' contains a link 'type.md', but the
           target 'builtins/type.md' is not found among documentation files.
[33mWARNING -  [0mDoc file 'builtins/classmethod.md' contains a link 'type.md', but the
           target 'builtins/type.md' is not found among documentation files.
[33mWARNING -  [0mDoc file 'builtins/complex_func.md' contains a link
           'builtins/index.md', but the target 'builtins/builtins/index.md' is
           not found among documentation files.
[33mWARNING -  [0mDoc file 'builtins/dict_func.md' contains a link 'builtins/index.md',
           but the target 'builtins/builtins/index.md' is not found among
           documentation files.
[33mWARNING -  [0mDoc file 'builtins/dir.md' contains a link 'type.md', but the target
           'builtins/type.md' is not found among documentation files.
[33mWARNING -  [0mDoc file 'builtins/divmod.md' contains a link '../stdlib/math.md',
           but the target 'stdlib/math.md' is not found among documentation
           files.
[33mWARNING -  [0mDoc file 'builtins/exec.md' contains a link 'builtins/index.md', but
           the target 'builtins/builtins/index.md' is not found among
           documentation files.
[33mWARNING -  [0mDoc file 'builtins/exit_quit.md' contains a link
           '../stdlib/atexit.md', but the target 'stdlib/atexit.md' is not found
           among documentation files.
[33mWARNING -  [0mDoc file 'builtins/float.md' contains a link 'complex.md', but the
           target 'builtins/complex.md' is not found among documentation files.
[33mWARNING -  [0mDoc file 'builtins/format.md' contains a link 'builtins/repr.md', but
           the target 'builtins/builtins/repr.md' is not found among
           documentation files.
[33mWARNING -  [0mDoc file 'builtins/format.md' contains a link 'builtins/str.md', but
           the target 'builtins/builtins/str.md' is not found among
           documentation files.
[33mWARNING -  [0mDoc file 'builtins/getattr.md' contains a link 'type.md', but the
           target 'builtins/type.md' is not found among documentation files.
[33mWARNING -  [0mDoc file 'builtins/globals.md' contains a link 'inspect.md', but the
           target 'builtins/inspect.md' is not found among documentation files.
[33mWARNING -  [0mDoc file 'builtins/hash.md' contains a link 'builtins/id.md', but the
           target 'builtins/builtins/id.md' is not found among documentation
           files.
[33mWARNING -  [0mDoc file 'builtins/hash.md' contains a link 'builtins/set.md', but
           the target 'builtins/builtins/set.md' is not found among
           documentation files.
[33mWARNING -  [0mDoc file 'builtins/hash.md' contains a link 'builtins/dict.md', but
           the target 'builtins/builtins/dict.md' is not found among
           documentation files.
[33mWARNING -  [0mDoc file 'builtins/help.md' contains a link 'type.md', but the target
           'builtins/type.md' is not found among documentation files.
[33mWARNING -  [0mDoc file 'builtins/id.md' contains a link 'type.md', but the target
           'builtins/type.md' is not found among documentation files.
[33mWARNING -  [0mDoc file 'builtins/input.md' contains a link 'sys.md', but the target
           'builtins/sys.md' is not found among documentation files.
[33mWARNING -  [0mDoc file 'builtins/int.md' contains a link 'complex.md', but the
           target 'builtins/complex.md' is not found among documentation files.
[33mWARNING -  [0mDoc file 'builtins/isinstance.md' contains a link
           'builtins/issubclass.md', but the target
           'builtins/builtins/issubclass.md' is not found among documentation
           files.
[33mWARNING -  [0mDoc file 'builtins/isinstance.md' contains a link 'builtins/type.md',
           but the target 'builtins/builtins/type.md' is not found among
           documentation files.
[33mWARNING -  [0mDoc file 'builtins/isinstance.md' contains a link
           'builtins/callable.md', but the target
           'builtins/builtins/callable.md' is not found among documentation
           files.
[33mWARNING -  [0mDoc file 'builtins/issubclass.md' contains a link 'builtins/type.md',
           but the target 'builtins/builtins/type.md' is not found among
           documentation files.
[33mWARNING -  [0mDoc file 'builtins/issubclass.md' contains a link
           'builtins/super.md', but the target 'builtins/builtins/super.md' is
           not found among documentation files.
[33mWARNING -  [0mDoc file 'builtins/list_func.md' contains a link 'builtins/index.md',
           but the target 'builtins/builtins/index.md' is not found among
           documentation files.
[33mWARNING -  [0mDoc file 'builtins/list_func.md' contains a link 'builtins/index.md',
           but the target 'builtins/builtins/index.md' is not found among
           documentation files.
[33mWARNING -  [0mDoc file 'builtins/next.md' contains a link 'control_flow.md', but
           the target 'builtins/control_flow.md' is not found among
           documentation files.
[33mWARNING -  [0mDoc file 'builtins/object_func.md' contains a link 'type.md', but the
           target 'builtins/type.md' is not found among documentation files.
[33mWARNING -  [0mDoc file 'builtins/open.md' contains a link 'builtins/with.md', but
           the target 'builtins/builtins/with.md' is not found among
           documentation files.
[33mWARNING -  [0mDoc file 'builtins/pow.md' contains a link '../stdlib/math.md', but
           the target 'stdlib/math.md' is not found among documentation files.
[33mWARNING -  [0mDoc file 'builtins/pow.md' contains a link '../stdlib/math.md', but
           the target 'stdlib/math.md' is not found among documentation files.
[33mWARNING -  [0mDoc file 'builtins/property.md' contains a link 'type.md', but the
           target 'builtins/type.md' is not found among documentation files.
[33mWARNING -  [0mDoc file 'builtins/set.md' contains a link 'builtins.md', but the
           target 'builtins/builtins.md' is not found among documentation files.
[33mWARNING -  [0mDoc file 'builtins/slice.md' contains a link 'itertools.md', but the
           target 'builtins/itertools.md' is not found among documentation
           files.
[33mWARNING -  [0mDoc file 'builtins/staticmethod.md' contains a link 'type.md', but
           the target 'builtins/type.md' is not found among documentation files.
[33mWARNING -  [0mDoc file 'builtins/str.md' contains a link 'builtins.md#bytes', but
           the target 'builtins/builtins.md' is not found among documentation
           files.
[33mWARNING -  [0mDoc file 'builtins/str.md' contains a link 'builtins.md#bytearray',
           but the target 'builtins/builtins.md' is not found among
           documentation files.
[33mWARNING -  [0mDoc file 'builtins/sum.md' contains a link '../stdlib/math.md', but
           the target 'stdlib/math.md' is not found among documentation files.
[33mWARNING -  [0mDoc file 'builtins/super.md' contains a link 'type.md', but the
           target 'builtins/type.md' is not found among documentation files.
[33mWARNING -  [0mDoc file 'stdlib/argparse.md' contains a link 'click.md', but the
           target 'stdlib/click.md' is not found among documentation files.
[33mWARNING -  [0mDoc file 'stdlib/array.md' contains a link 'list.md', but the target
           'stdlib/list.md' is not found among documentation files.
[33mWARNING -  [0mDoc file 'stdlib/array.md' contains a link 'numpy.md', but the target
           'stdlib/numpy.md' is not found among documentation files.
[33mWARNING -  [0mDoc file 'stdlib/calendar.md' contains a link 'time.md', but the
           target 'stdlib/time.md' is not found among documentation files.
[33mWARNING -  [0mDoc file 'stdlib/codecs.md' contains a link 'unicodedata.md', but the
           target 'stdlib/unicodedata.md' is not found among documentation
           files.
[33mWARNING -  [0mDoc file 'stdlib/colorsys.md' contains a link 'math.md', but the
           target 'stdlib/math.md' is not found among documentation files.
[33mWARNING -  [0mDoc file 'stdlib/csv.md' contains a link 'pandas.md', but the target
           'stdlib/pandas.md' is not found among documentation files.
[33mWARNING -  [0mDoc file 'stdlib/datetime.md' contains a link 'time.md', but the
           target 'stdlib/time.md' is not found among documentation files.
[33mWARNING -  [0mDoc file 'stdlib/datetime.md' contains a link 'dateutil.md', but the
           target 'stdlib/dateutil.md' is not found among documentation files.
[33mWARNING -  [0mDoc file 'stdlib/decimal.md' contains a link 'math.md', but the
           target 'stdlib/math.md' is not found among documentation files.
[33mWARNING -  [0mDoc file 'stdlib/defaultdict.md' contains a link 'dict.md', but the
           target 'stdlib/dict.md' is not found among documentation files.
[33mWARNING -  [0mDoc file 'stdlib/deque.md' contains a link 'list.md', but the target
           'stdlib/list.md' is not found among documentation files.
[33mWARNING -  [0mDoc file 'stdlib/fractions.md' contains a link 'math.md', but the
           target 'stdlib/math.md' is not found among documentation files.
[33mWARNING -  [0mDoc file 'stdlib/getpass.md' contains a link 'builtins/input.md', but
           the target 'stdlib/builtins/input.md' is not found among
           documentation files.
[33mWARNING -  [0mDoc file 'stdlib/hashlib.md' contains a link 'cryptography.md', but
           the target 'stdlib/cryptography.md' is not found among documentation
           files.
[33mWARNING -  [0mDoc file 'stdlib/http.md' contains a link 'http.client.md', but the
           target 'stdlib/http.client.md' is not found among documentation
           files.
[33mWARNING -  [0mDoc file 'stdlib/http.md' contains a link 'http.server.md', but the
           target 'stdlib/http.server.md' is not found among documentation
           files.
[33mWARNING -  [0mDoc file 'stdlib/locale.md' contains a link 'time.md', but the target
           'stdlib/time.md' is not found among documentation files.
[33mWARNING -  [0mDoc file 'stdlib/locale.md' contains a link 'unicodedata.md', but the
           target 'stdlib/unicodedata.md' is not found among documentation
           files.
[33mWARNING -  [0mDoc file 'stdlib/namedtuple.md' contains a link 'tuple.md', but the
           target 'stdlib/tuple.md' is not found among documentation files.
[33mWARNING -  [0mDoc file 'stdlib/numbers.md' contains a link 'math.md', but the
           target 'stdlib/math.md' is not found among documentation files.
[33mWARNING -  [0mDoc file 'stdlib/random.md' contains a link 'numpy.md', but the
           target 'stdlib/numpy.md' is not found among documentation files.
[33mWARNING -  [0mDoc file 'stdlib/sqlite3.md' contains a link 'sqlalchemy.md', but the
           target 'stdlib/sqlalchemy.md' is not found among documentation files.
[33mWARNING -  [0mDoc file 'stdlib/sqlite3.md' contains a link 'pandas.md', but the
           target 'stdlib/pandas.md' is not found among documentation files.
[33mWARNING -  [0mDoc file 'stdlib/statistics.md' contains a link 'math.md', but the
           target 'stdlib/math.md' is not found among documentation files.
[33mWARNING -  [0mDoc file 'stdlib/traceback.md' contains a link
           'builtins/exceptions.md', but the target
           'stdlib/builtins/exceptions.md' is not found among documentation
           files.
[33mWARNING -  [0mDoc file 'stdlib/tracemalloc.md' contains a link 'gc.md', but the
           target 'stdlib/gc.md' is not found among documentation files.
[33mWARNING -  [0mDoc file 'stdlib/typing.md' contains a link 'pydantic.md', but the
           target 'stdlib/pydantic.md' is not found among documentation files.
[33mWARNING -  [0mDoc file 'stdlib/typing.md' contains a link 'collections.abc.md', but
           the target 'stdlib/collections.abc.md' is not found among
           documentation files.
[33mWARNING -  [0mDoc file 'stdlib/urllib.md' contains a link 'requests.md', but the
           target 'stdlib/requests.md' is not found among documentation files.
[33mWARNING -  [0mDoc file 'stdlib/weakref.md' contains a link 'gc.md', but the target
           'stdlib/gc.md' is not found among documentation files.
INFO    -  Doc file 'builtins/list.md' contains a link
           '../stdlib/collections.md#deque', but the doc 'stdlib/collections.md'
           does not contain an anchor '#deque'.
INFO    -  Doc file 'builtins/map.md' contains a link
           '../stdlib/functools.md#reduce', but the doc 'stdlib/functools.md'
           does not contain an anchor '#reduce'.
INFO    -  Doc file 'builtins/set.md' contains a link
           '../stdlib/collections.md#deque', but the doc 'stdlib/collections.md'
           does not contain an anchor '#deque'.
INFO    -  Documentation built in 5.20 seconds
INFO    -  [16:57:53] Serving on http://127.0.0.1:8000/
INFO    -  Shutting down...
